<?xml version="1.0" encoding="UTF-8"?>
<!-- Generated by org.testng.reporters.JUnitReportReporter -->
<testsuite hostname="DESKTOP-HGMMMJR" failures="0" tests="1" name="PageFactory.LoginPage_PF" time="13.575" errors="0" timestamp="2021-12-17T17:03:07 IST" skipped="0">
  <testcase classname="PageFactory.LoginPage_PF" name="TestValidLogin" time="13.575"/>
  <system-out/>
</testsuite> <!-- PageFactory.LoginPage_PF -->
